#----------------------------------------------------------------------------------------
#   Tests that are ignored on purpose
#----------------------------------------------------------------------------------------

#----------------------------------------------------------------------------------------
#   Tests that need attention
#----------------------------------------------------------------------------------------

#----------------------------------------------------------------------------------------
# *** Broken in 06; need to be re-visited ***
#----------------------------------------------------------------------------------------
ElementDisplayProperties.SetDisplayPattern              # informed Jeff

UnitManagerTest.GetStandardUnitByName                   # fails randomonly on 06Dev; will have to find someone to investigate... maybe Josh
UnitManagerTest.GetStandardLabel                        # fails randomonly on 06Dev; will have to find someone to investigate... maybe Josh
UnitManagerTest.GetStandardName                         # fails randomonly on 06Dev; will have to find someone to investigate... maybe Josh
UnitIterator.GetName                                    # fails randomonly on 06Dev; will have to find someone to investigate... maybe Josh

ConfigurationManagerTest.*                             # UmarH -- Tests are ported from Vancouver for MacroConfiguration ,seems macros are not expanding on get variable method.

ComponentModelBasicTest.MakeVariationInstance           # UmarH Failing Only on 0601Dev Firebug ( not locally), need to investigate

#TFS 492144
DgnProjectPackageTest.VerifyViewsForDgndbFilesConvertedDuringBuild

# WIP fixing after 0601 branch created
ViewAttachmentTest.Geom                                 # NonVisibleViewport
VolumeElementTestFixture.QueryTest                      # FenceParams::AcceptElement

ElementAspectTests.ImportElementsWithAspect             # Does not element import aspects
TextStringTest.BoundingShape                            # UmarH WIP
DateTimeFormatterTest.*                                 # UmarH fails randomly, need to investigate
DgnLineStyleTest.InsertAndQueryWithoutCacheReLoad       # Unable to query line style unless we reload the file ( which will reload the cache )

ChangeSummaryTestFixture.ElementChildRelationshipChanges # notified Raman

DependencyRevisionTest.TestDependency # sometimes fails on 0601 winx64 optimized; notified Paul
    # F:\DgnDb61-16Q2\src\DgnPlatform\Tests\DgnProject\Published\Revision_Test.cpp(687): error: Value of: c->GetIntegerProperty(2)
    # Actual: 123
    # Expected: 321
    # F:\DgnDb61-16Q2\src\DgnPlatform\Tests\DgnProject\Published\Revision_Test.cpp(688): error: Value of: c->GetIntegerProperty(3)
    # Actual: 456
    # Expected: 654

DgnDbTest.GetCoordinateSystemProperties # on merge from graphite0505; notified John

DgnECNavigatorTest.* # expected to fail until merge is done

DgnDbTest.GetCoordinateSystemProperties
    # Notified Majd
    # F:\DgnDb0601Dev\src\DgnPlatform\Tests\DgnProject\NonPublished\DgnProject_Test.cpp(348): error: Value of: fabs(azimuthExpected - azimuth) < eps
    #   Actual: false
    # Expected: true
    # Expected different azimuth
    # azimuthExpected 178.29138626108181
    # azimuth 178.29128105659069
    # eps 0.00010000000000000000

ECInstanceSelectTests.ImportSchema # This test doesn't really do anything and it takes 40 seconds to run

DgnMarkupProjectTest.CreateDgnMarkupProject
    # WinX64, DEBUG
    # [ RUN      ] DgnMarkupProjectTest.CreateDgnMarkupProject
    # 2016-07-14 08:55:49,750 ERROR [0x0000b80c] BeAssert - F:\DgnDb61-16Q2-Dev\src-staging\DgnPlatform\DgnCore\DgnDb.cpp(73): ASSERTION FAILURE (0): false && "Make sure you save your outstanding Txn before deleting a DgnDb"
    # F:\DgnDb61-16Q2-Dev\src-staging\BeGTest\gtest\BeGTestExe.cpp(215): error: Failed
    # F:\DgnDb61-16Q2-Dev\src-staging\DgnPlatform\DgnCore\DgnDb.cpp(73): ASSERTION FAILURE (0): false && "Make sure you save your outstanding Txn before deleting a DgnDb"
    # [  FAILED  ] DgnMarkupProjectTest.CreateDgnMarkupProject (1823 ms)

ChangeSummaryTestFixture.ElementChildRelationshipChanges
    # DgnDb61-16Q2, NDEBUG, WinX64
    # [ RUN      ] ChangeSummaryTestFixture.ElementChildRelationshipChanges
    # F:\DgnDb61-16Q2\src\DgnPlatform\Tests\DgnProject\Published\ChangeSummary_Test.cpp(947): error: Value of: instance.MakeValueIterator(changeSummary).QueryCount()
    # Actual: 7
    # Expected: 8
    # [  FAILED  ] ChangeSummaryTestFixture.ElementChildRelationshipChanges (59 ms)
