#----------------------------------------------------------------------------------------
#   Tests that are ignored on purpose
#----------------------------------------------------------------------------------------

#----------------------------------------------------------------------------------------
#   Tests that need attention
#----------------------------------------------------------------------------------------

#----------------------------------------------------------------------------------------
# *** Broken in 06; need to be re-visited ***
#----------------------------------------------------------------------------------------
ElementDisplayProperties.SetDisplayPattern              # informed Jeff

UnitManagerTest.GetStandardUnitByName                   # fails randomonly on 06Dev; will have to find someone to investigate... maybe Josh
UnitManagerTest.GetStandardLabel                        # fails randomonly on 06Dev; will have to find someone to investigate... maybe Josh
UnitManagerTest.GetStandardName                         # fails randomonly on 06Dev; will have to find someone to investigate... maybe Josh
UnitIterator.GetName                                    # fails randomonly on 06Dev; will have to find someone to investigate... maybe Josh

ConfigurationManager_Test.*                             # UmarH -- Tests are ported from Vancouver for MacroConfiguration ,seems macros are not expanding on get variable method. 

ComponentModelBasicTest.MakeVariationInstance           # UmarH Failing Only on 0601Dev Firebug ( not locally), need to investigate

DgnProjectPackageTest.VerifyViewsForDgndbFilesConvertedDuringBuild   #Affan #TFS353039

# WIP fixing after 0601 branch created
ViewAttachmentTest.Geom                                 # NonVisibleViewport
VolumeElementTestFixture.QueryTest                      # FenceParams::AcceptElement

ElementAspectTests.ImportElementsWithAspect             # Does not element import aspects
FontTests.QueryFonts                                    # Defect 386022 - Does not find font
TextStringTest.BoundingShape                            # UmarH WIP
DateTimeFormatterTest.*                                 # UmarH fails randomly, need to investigate
DgnLineStyleTest.InsertAndQueryWithoutCacheReLoad       # Unable to query line style unless we reload the file ( which will reload the cache )

ECInstanceSelectTests.ImportSchema			# This test doesn't really do anything and it takes 40 seconds to run

DependencyRevisionTest.TestDependency # continues to fail intermittently, last time on 61-16q2 winx64 optimized.
    #F:\DgnDb61-16Q2\src\DgnPlatform\Tests\DgnProject\Published\Revision_Test.cpp(687): error: Value of: c->GetIntegerProperty(2)
    #Actual: 123
    #Expected: 321
    #F:\DgnDb61-16Q2\src\DgnPlatform\Tests\DgnProject\Published\Revision_Test.cpp(688): error: Value of: c->GetIntegerProperty(3)
    #Actual: 456
    #Expected: 654

DgnMarkupProjectTest.CreateDgnMarkupProject
    # WinX64, DEBUG
    # [ RUN      ] DgnMarkupProjectTest.CreateDgnMarkupProject
    # 2016-07-14 08:55:49,750 ERROR [0x0000b80c] BeAssert - F:\DgnDb61-16Q2-Dev\src-staging\DgnPlatform\DgnCore\DgnDb.cpp(73): ASSERTION FAILURE (0): false && "Make sure you save your outstanding Txn before deleting a DgnDb"
    # F:\DgnDb61-16Q2-Dev\src-staging\BeGTest\gtest\BeGTestExe.cpp(215): error: Failed
    # F:\DgnDb61-16Q2-Dev\src-staging\DgnPlatform\DgnCore\DgnDb.cpp(73): ASSERTION FAILURE (0): false && "Make sure you save your outstanding Txn before deleting a DgnDb"
    # [  FAILED  ] DgnMarkupProjectTest.CreateDgnMarkupProject (1823 ms)

ChangeSummaryTestFixture.ElementChildRelationshipChanges
    # DgnDb61-16Q2, NDEBUG, WinX64
    # [ RUN      ] ChangeSummaryTestFixture.ElementChildRelationshipChanges
    # F:\DgnDb61-16Q2\src\DgnPlatform\Tests\DgnProject\Published\ChangeSummary_Test.cpp(947): error: Value of: instance.MakeValueIterator(changeSummary).QueryCount()
    # Actual: 7
    # Expected: 8
    # [  FAILED  ] ChangeSummaryTestFixture.ElementChildRelationshipChanges (59 ms)

RealityDataWorkerThread.DoWork
    # DgnDb61-16Q2-Dev, DEBUG, WinX86
    # [ RUN      ] RealityDataWorkerThread.DoWork
    # F:\DgnDb61-16Q2-Dev\src\DgnPlatform\Tests\DgnProject\NonPublished\RealityDataCache_Test.cpp(122): error: Value of: cv.WaitOnCondition (&predicate, 5000)
    # Actual: false
    # Expected: true
    # [  FAILED  ] RealityDataWorkerThread.DoWork (5212 ms)

RealityDataWorkerThread.IsIdle
    # DgnDb61-16Q2-Dev, DEBUG, WinX86
    # <Crash, no output or stack printed>

RealityDataThreadPool.QueueWork_Many_Items
    # DgnDb61-16Q2, NDEBUG, WinX86
    # [ RUN      ] RealityDataThreadPool.QueueWork_Many_Items
    # F:\DgnDb61-16Q2\src\DgnPlatform\Tests\DgnProject\NonPublished\RealityDataCache_Test.cpp(231): error: Value of: cv.WaitOnCondition (&predicate, 5000)
    # Actual: false
    # Expected: true
    # [  FAILED  ] RealityDataThreadPool.QueueWork_Many_Items (5037 ms)

RealityDataThreadPool.Queueing
    # DgnDb61-16Q2, NDEBUG, WinX86
    # <Crash, no output or stack printed>

RealityDataWorkerThread.IsBusy
    # DgnDb61-16Q2-Dev, DEBUG, WinX86
    # [ RUN      ] RealityDataWorkerThread.IsBusy
    # F:\DgnDb61-16Q2-Dev\src\DgnPlatform\Tests\DgnProject\NonPublished\RealityDataCache_Test.cpp(173): error: Value of: cv.WaitOnCondition (&predicate, 5000)
    # Actual: false
    # Expected: true
    # [  FAILED  ] RealityDataWorkerThread.IsBusy (5045 ms)

RealityDataThreadPool.QueueWork_1_Item
    # DgnDb61-16Q2-Dev, DEBUG, WinX86
    # [ RUN      ] RealityDataThreadPool.QueueWork_1_Item
    # <Crash, no output or stack printed>

RealityDataThreadPool.SpawnsThreads
    # DgnDb61-16Q2, DEBUG, WinX86
    # [ RUN      ] RealityDataThreadPool.SpawnsThreads
    # F:\DgnDb61-16Q2\src\DgnPlatform\Tests\DgnProject\NonPublished\RealityDataCache_Test.cpp(331): error: Value of: cv.WaitOnCondition (&predicate, 5000)
    # Actual: false
    # Expected: true
    # [  FAILED  ] RealityDataThreadPool.SpawnsThreads (5172 ms)
