#----------------------------------------------------------------------------------------
#   Tests that are ignored on purpose
#----------------------------------------------------------------------------------------

#----------------------------------------------------------------------------------------
#   Tests that need attention
#----------------------------------------------------------------------------------------


SelectorsTestFixture.ModelSelectors

    # TFS#863085
    # Stream:bim0200dev, build configuration :NDEBUG, architecture: (x64), Date: 03/15/2018
    # !!!!!!!!!!!!!!!!!! DgnDb::CreateNewDgnDb c:\build\outA\mds06t_2018-03-14_18-21-55\out\Winx64\Product\TilePublisher-Gtest\run\Output\ModelSelectors.bim
    # 2018-03-14 18:56:14,366 ERROR [0x0000210c] DgnCore - Error BE_SQLITE_ERROR_FileNotFound opening [c:\build\outA\mds06t_2018-03-14_18-21-55\out\Winx64\Product\TilePublisher-Gtest\run\Output\ModelSelectors.markupdb]
    # c:\build\src\mds06t\dgnplatform\tilepublisher\tests\nonpublished\TestFixture.h(243): error:       Expected: lhs.size()
    # Which is: 0
    # To be equal to: rhs.size()
    # Which is: 1
    # c:\build\src\mds06t\dgnplatform\tilepublisher\tests\nonpublished\TestFixture.h(243): error:       Expected: lhs.size()
    # Which is: 0
    # To be equal to: rhs.size()
    # Which is: 1
    # c:\build\src\mds06t\dgnplatform\tilepublisher\tests\nonpublished\TestFixture.h(232): error:       Expected: lhs.size()
    # Which is: 0
    # To be equal to: rhs.size()
    # Which is: 2
    # c:\build\src\mds06t\DgnPlatform\TilePublisher\Tests\NonPublished\TestFixture.cpp(570): error:       Expected: models.size()
    # Which is: 2
    # To be equal to: size()
    # Which is: 0
    # c:\build\src\mds06t\DgnPlatform\TilePublisher\Tests\NonPublished\Selectors_Test.cpp(191): error:       Expected: tilesets.size()
    # Which is: 0
    # To be equal to: 2

FeatureTableTestFixture.MultipleElementsWithDifferentSubCategories

    # TFS#863087
    # Stream:bim0200dev, build configuration :NDEBUG, architecture: (x64), Date: 03/15/2018
    # !!!!!!!!!!!!!!!!!! DgnDb::CreateNewDgnDb c:\build\outA\mds06t_2018-03-14_18-21-55\out\Winx64\Product\TilePublisher-Gtest\run\Output\MultipleElementsWithDifferentSubCategories.bim
    # 2018-03-14 18:56:11,616 ERROR [0x0000210c] DgnCore - Error BE_SQLITE_ERROR_FileNotFound opening [c:\build\outA\mds06t_2018-03-14_18-21-55\out\Winx64\Product\TilePublisher-Gtest\run\Output\MultipleElementsWithDifferentSubCategories.markupdb]
    # c:\build\src\mds06t\dgnplatform\tilepublisher\tests\nonpublished\TestFixture.h(243): error:       Expected: lhs.size()
    # Which is: 0
    # To be equal to: rhs.size()
    # Which is: 2
    # c:\build\src\mds06t\dgnplatform\tilepublisher\tests\nonpublished\TestFixture.h(232): error:       Expected: lhs.size()
    # Which is: 0
    # To be equal to: rhs.size()
    # Which is: 1
    # c:\build\src\mds06t\DgnPlatform\TilePublisher\Tests\NonPublished\TestFixture.cpp(570): error:       Expected: models.size()
    # Which is: 1
    # To be equal to: size()
    # Which is: 0
    # c:\build\src\mds06t\DgnPlatform\TilePublisher\Tests\NonPublished\FeatureTable_Test.cpp(206): error:       Expected: tilesets.size()
    # Which is: 0
    # To be equal to: 1

SelectorsTestFixture.CategorySelectors

    # TFS#863085
    # Stream:bim0200dev, build configuration :NDEBUG, architecture: (x64), Date: 03/15/2018
    # !!!!!!!!!!!!!!!!!! DgnDb::CreateNewDgnDb c:\build\outA\mds06t_2018-03-14_18-21-55\out\Winx64\Product\TilePublisher-Gtest\run\Output\CategorySelectors.bim
    # 2018-03-14 18:56:13,787 ERROR [0x0000210c] DgnCore - Error BE_SQLITE_ERROR_FileNotFound opening [c:\build\outA\mds06t_2018-03-14_18-21-55\out\Winx64\Product\TilePublisher-Gtest\run\Output\CategorySelectors.markupdb]
    # c:\build\src\mds06t\dgnplatform\tilepublisher\tests\nonpublished\TestFixture.h(243): error:       Expected: lhs.size()
    # Which is: 0
    # To be equal to: rhs.size()
    # Which is: 2
    # c:\build\src\mds06t\dgnplatform\tilepublisher\tests\nonpublished\TestFixture.h(232): error:       Expected: lhs.size()
    # Which is: 0
    # To be equal to: rhs.size()
    # Which is: 1
    # c:\build\src\mds06t\DgnPlatform\TilePublisher\Tests\NonPublished\TestFixture.cpp(570): error:       Expected: models.size()
    # Which is: 1
    # To be equal to: size()
    # Which is: 0
    # c:\build\src\mds06t\DgnPlatform\TilePublisher\Tests\NonPublished\Selectors_Test.cpp(95): error:       Expected: tilesets.size()
    # Which is: 0
    # To be equal to: 1

FeatureTableTestFixture.MultipleElementsWithDifferentCategories

    # TFS#863087
    # Stream:bim0200dev, build configuration :NDEBUG, architecture: (x64), Date: 03/15/2018
    # !!!!!!!!!!!!!!!!!! DgnDb::CreateNewDgnDb c:\build\outA\mds06t_2018-03-14_18-21-55\out\Winx64\Product\TilePublisher-Gtest\run\Output\MultipleElementsWithDifferentCategories.bim
    # 2018-03-14 18:56:11,053 ERROR [0x0000210c] DgnCore - Error BE_SQLITE_ERROR_FileNotFound opening [c:\build\outA\mds06t_2018-03-14_18-21-55\out\Winx64\Product\TilePublisher-Gtest\run\Output\MultipleElementsWithDifferentCategories.markupdb]
    # c:\build\src\mds06t\dgnplatform\tilepublisher\tests\nonpublished\TestFixture.h(243): error:       Expected: lhs.size()
    # Which is: 0
    # To be equal to: rhs.size()
    # Which is: 2
    # c:\build\src\mds06t\dgnplatform\tilepublisher\tests\nonpublished\TestFixture.h(232): error:       Expected: lhs.size()
    # Which is: 0
    # To be equal to: rhs.size()
    # Which is: 1
    # c:\build\src\mds06t\DgnPlatform\TilePublisher\Tests\NonPublished\TestFixture.cpp(570): error:       Expected: models.size()
    # Which is: 1
    # To be equal to: size()
    # Which is: 0
    # c:\build\src\mds06t\DgnPlatform\TilePublisher\Tests\NonPublished\FeatureTable_Test.cpp(95): error:       Expected: tilesets.size()
    # Which is: 0
    # To be equal to: 1

FeatureTableTestFixture.MultipleElementsWithDifferentDgnGeometryClass

    # TFS#863087
    # Stream:bim0200dev, build configuration :NDEBUG, architecture: (x64), Date: 03/15/2018
    # !!!!!!!!!!!!!!!!!! DgnDb::CreateNewDgnDb c:\build\outA\mds06t_2018-03-14_18-21-55\out\Winx64\Product\TilePublisher-Gtest\run\Output\MultipleElementsWithDifferentDgnGeometryClass.bim
    # 2018-03-14 18:56:12,366 ERROR [0x0000210c] DgnCore - Error BE_SQLITE_ERROR_FileNotFound opening [c:\build\outA\mds06t_2018-03-14_18-21-55\out\Winx64\Product\TilePublisher-Gtest\run\Output\MultipleElementsWithDifferentDgnGeometryClass.markupdb]
    # c:\build\src\mds06t\dgnplatform\tilepublisher\tests\nonpublished\TestFixture.h(243): error:       Expected: lhs.size()
    # Which is: 0
    # To be equal to: rhs.size()
    # Which is: 2
    # c:\build\src\mds06t\dgnplatform\tilepublisher\tests\nonpublished\TestFixture.h(232): error:       Expected: lhs.size()
    # Which is: 0
    # To be equal to: rhs.size()
    # Which is: 1
    # c:\build\src\mds06t\DgnPlatform\TilePublisher\Tests\NonPublished\TestFixture.cpp(570): error:       Expected: models.size()
    # Which is: 1
    # To be equal to: size()
    # Which is: 0
    # c:\build\src\mds06t\DgnPlatform\TilePublisher\Tests\NonPublished\FeatureTable_Test.cpp(342): error:       Expected: tilesets.size()
    # Which is: 0
    # To be equal to: 1

DisplayStylesTestFixture.DisplayStyles

    # TFS#863086
    # Stream:bim0200dev, build configuration :NDEBUG, architecture: (x64), Date: 03/15/2018
    # !!!!!!!!!!!!!!!!!! DgnDb::CreateNewDgnDb c:\build\outA\mds06t_2018-03-14_18-21-55\out\Winx64\Product\TilePublisher-Gtest\run\Output\DisplayStyles.bim
    # 2018-03-14 18:56:10,506 ERROR [0x0000210c] DgnCore - Error BE_SQLITE_ERROR_FileNotFound opening [c:\build\outA\mds06t_2018-03-14_18-21-55\out\Winx64\Product\TilePublisher-Gtest\run\Output\DisplayStyles.markupdb]
    # c:\build\src\mds06t\dgnplatform\tilepublisher\tests\nonpublished\TestFixture.h(243): error:       Expected: lhs.size()
    # Which is: 0
    # To be equal to: rhs.size()
    # Which is: 1
    # c:\build\src\mds06t\dgnplatform\tilepublisher\tests\nonpublished\TestFixture.h(243): error:       Expected: lhs.size()
    # Which is: 0
    # To be equal to: rhs.size()
    # Which is: 1
    # c:\build\src\mds06t\dgnplatform\tilepublisher\tests\nonpublished\TestFixture.h(243): error:       Expected: lhs.size()
    # Which is: 0
    # To be equal to: rhs.size()
    # Which is: 2
    # c:\build\src\mds06t\dgnplatform\tilepublisher\tests\nonpublished\TestFixture.h(232): error:       Expected: lhs.size()
    # Which is: 0
    # To be equal to: rhs.size()
    # Which is: 1
    # c:\build\src\mds06t\DgnPlatform\TilePublisher\Tests\NonPublished\TestFixture.cpp(570): error:       Expected: models.size()
    # Which is: 1
    # To be equal to: size()
    # Which is: 0
    # c:\build\src\mds06t\DgnPlatform\TilePublisher\Tests\NonPublished\DisplayStyles_Test.cpp(108): error:       Expected: tilesets.size()
    # Which is: 0
    # To be equal to: 1

SampleTestFixture.TestRedRectangle

    # TFS#863084
    # Stream:bim0200dev, build configuration :NDEBUG, architecture: (x64), Date: 03/15/2018
    # !!!!!!!!!!!!!!!!!! DgnDb::CreateNewDgnDb c:\build\outA\mds06t_2018-03-14_18-21-55\out\Winx64\Product\TilePublisher-Gtest\run\Output\RedRectangle.bim
    # 2018-03-14 18:56:12,803 ERROR [0x0000210c] DgnCore - Error BE_SQLITE_ERROR_FileNotFound opening [c:\build\outA\mds06t_2018-03-14_18-21-55\out\Winx64\Product\TilePublisher-Gtest\run\Output\RedRectangle.markupdb]
    # c:\build\src\mds06t\dgnplatform\tilepublisher\tests\nonpublished\TestFixture.h(243): error:       Expected: lhs.size()
    # Which is: 0
    # To be equal to: rhs.size()
    # Which is: 1
    # c:\build\src\mds06t\dgnplatform\tilepublisher\tests\nonpublished\TestFixture.h(232): error:       Expected: lhs.size()
    # Which is: 0
    # To be equal to: rhs.size()
    # Which is: 1
    # c:\build\src\mds06t\DgnPlatform\TilePublisher\Tests\NonPublished\TestFixture.cpp(570): error:       Expected: models.size()
    # Which is: 1
    # To be equal to: size()
    # Which is: 0
    # c:\build\src\mds06t\DgnPlatform\TilePublisher\Tests\NonPublished\Sample_Test.cpp(70): error:       Expected: tilesets.size()
    # Which is: 0
    # To be equal to: 1

SampleTestFixture.TestTwoElementsNonUniformColor

    # TFS#863084
    # Stream:bim0200dev, build configuration :NDEBUG, architecture: (x64), Date: 03/15/2018
    # !!!!!!!!!!!!!!!!!! DgnDb::CreateNewDgnDb c:\build\outA\mds06t_2018-03-14_18-21-55\out\Winx64\Product\TilePublisher-Gtest\run\Output\TwoElementsNonUniformColor.bim
    # 2018-03-14 18:56:13,225 ERROR [0x0000210c] DgnCore - Error BE_SQLITE_ERROR_FileNotFound opening [c:\build\outA\mds06t_2018-03-14_18-21-55\out\Winx64\Product\TilePublisher-Gtest\run\Output\TwoElementsNonUniformColor.markupdb]
    # c:\build\src\mds06t\dgnplatform\tilepublisher\tests\nonpublished\TestFixture.h(243): error:       Expected: lhs.size()
    # Which is: 0
    # To be equal to: rhs.size()
    # Which is: 1
    # c:\build\src\mds06t\dgnplatform\tilepublisher\tests\nonpublished\TestFixture.h(232): error:       Expected: lhs.size()
    # Which is: 0
    # To be equal to: rhs.size()
    # Which is: 1
    # c:\build\src\mds06t\DgnPlatform\TilePublisher\Tests\NonPublished\TestFixture.cpp(570): error:       Expected: models.size()
    # Which is: 1
    # To be equal to: size()
    # Which is: 0
    # c:\build\src\mds06t\DgnPlatform\TilePublisher\Tests\NonPublished\Sample_Test.cpp(154): error:       Expected: tilesets.size()
    # Which is: 0
    # To be equal to: 1
