# Graphite05x EDDb upgrade is not yet supported or will not be. Waiting for requirements for any upgrades needed to be implemented.
DataSourceCacheUpgradeTests.CachingDataSource_OpenOrCreate_V5*
DataSourceCacheUpgradeTests.Open_V5*
DataSourceCacheUpgradeTests.Open_V7*
DataSourceCacheUpgradeTests.Open_V8*
DataSourceCacheUpgradeTests.Open_V9*
DataSourceCacheUpgradeTests.Open_V1*

# DgnDb0601-Q4 -> BIM0200 ECDb upgrade not supported.
DataSourceCacheUpgradeTests.Open_V20*

CachingDataSourceTests.GetFile_CalledMultipleTimesFirstCancelled_FirstCallbackIsCancelledSecondFinishes
CachingDataSourceTests.GetFile_CalledMultipleTimes*
    # bim0200, NDEBUG, x64 and x86
    # The first hung on line 751 of the test body: while (!downloadStarted);
    # The rest seemed to randomly hang as well.

BeSQLiteDbTransactionHandlerTests.StartTransaction_TwoConnections_SecondConnectionIsBlockedUntilFirstFinishesTransaction
    # bim0200, NDEBUG, x64, random
    # Hang on line 192 of the test body: while (handler2.m_lastBusyCount == 0); // Wait until handler2 gets busy error and retries

CachingDataSourceTests.UpdateSchemas_InvalidSchemaGotFromServer_ReturnsRepositorySchemaError
    # bim0200, NDEBUG, x86, random
    # Randomly crashes, no stack printed, test output:
    # [ RUN      ] CachingDataSourceTests.UpdateSchemas_InvalidSchemaGotFromServer_ReturnsRepositorySchemaError
    # 2016-10-26 11:20:58,734 ERROR [0x00006d40] ECObjectsNative - XML Parsing error code 4 at line 1, column 1, parsing file 'file:/F:/Bim0200/out.ndebug/Winx86/Product/WSClient-Gtest/run/Temp/test_files_temporary/9381311e-1e83-4f0e-b0d4-5b5073dc6dfd/Foo.00.00.ecschema.xml'. Start tag expected, '<' not found
    #
    # 2016-10-26 11:20:58,734 ERROR [0x00006d40] ECObjectsNative - line 1, position 1
    # 2016-10-26 11:20:58,734 ERROR [0x00006d40] ECObjectsNative - XML Parsing error code 4 at line 1, column 1, parsing file 'file:/F:/Bim0200/out.ndebug/Winx86/Product/WSClient-Gtest/run/Temp/test_files_temporary/9381311e-1e83-4f0e-b0d4-5b5073dc6dfd/Foo.00.00.ecschema.xml'

CachingDataSourceTests.GetRepositorySchemas_CacheContainsNonRepositorySchema_ReturnsOnlyRepositorySchemas
    # bim0200dev, DEBUG, x64, random
    # [ RUN      ] CachingDataSourceTests.GetRepositorySchemas_CacheContainsNonRepositorySchema_ReturnsOnlyRepositorySchemas
    # 2016-10-27 07:54:41,529 ERROR [0x00002790] BeAssert - F:\Bim0200Dev\src-staging\WSClient\Cache\Util\TempFile.cpp(61): ASSERTION FAILURE (0): false
    # F:\Bim0200Dev\src-staging\BeGTest\gtest\BeGTestExe.cpp(215): error: Failed
    # F:\Bim0200Dev\src-staging\WSClient\Cache\Util\TempFile.cpp(61): ASSERTION FAILURE (0): false
    # [  FAILED  ] CachingDataSourceTests.GetRepositorySchemas_CacheContainsNonRepositorySchema_ReturnsOnlyRepositorySchemas (798 ms)

UrlProviderTests.GetPunchlistWsgUrl_TimeoutIsLessThanTimeElapsed_CallsBuddiToGetUrl
    # bim0200, NDEBUG, x64, random, firebug hang

UrlProviderTests.GetSecurityConfigurator_InitializedWithQa_DoesNotSetValidateCertificate
    # bim0200dev, x86, NDEBUG, firebug, random, crash

UrlProviderTests.GetPunchlistWsgUrl_TimeoutIsLessThanTimeElapsed_CallsBuddiToGetUrl
    # DgnDb61-16Q4, x64, NDEBUG (PRG)
    # Crash (no stack printed)
    # [ RUN      ] UrlProviderTests.GetPunchlistWsgUrl_TimeoutIsLessThanTimeElapsed_CallsBuddiToGetUrl
    # e:\Builds\dcsdk06010416\Source\WSClient\Tests\UnitTests\Published\WebServices\Configuration\UrlProviderTests.cpp(87): error: Actual function call count doesn't match EXPECT_CALL(*client, GetUrl(_, _))...
    # Expected: to be called once
    # Actual: never called - unsatisfied and active

UrlProviderTests.GetPunchlistWsgUrl_TimeoutIsMoreThanTimeElapsed_ReturnsCachedUrl
    # DgnDb61-16Q4, x64, NDEBUG (PRG)
    # Crash (no stack printed)
    # [ RUN      ] UrlProviderTests.GetPunchlistWsgUrl_TimeoutIsMoreThanTimeElapsed_ReturnsCachedUrl
    # e:\Builds\dcsdk06010417\Source\WSClient\Tests\UnitTests\Published\WebServices\Configuration\UrlProviderTests.cpp(87): error: Actual function call count doesn't match EXPECT_CALL(*client, GetUrl(_, _))...
    #          Expected: to be called once
    #            Actual: never called - unsatisfied and active
    # *********************************************************************************

#Following tests were disabled and are added to ignore list instead
ChangeManagerTests.GetObjectChangeStatus_ObjectDeleted_Deleted
ChangeManagerTests.GetObjectChangeStatus_CreatedObjectDeleted_Deleted
DataSourceCacheTests.CacheResponse_ResultContainsChangedOneToOneRelationship_ChangesRelationshipWithoutErrors
CachingDataSourceTests.SyncLocalChanges_LaunchedFromTwoConnectionsToSameDb_SecondCallReturnsErrorFunctionalityNotSupported
CachingDataSourceTests.SyncLocalChanges_LaunchedFromTwoConnectionsToDifferentFiles_BothSucceeds
CachingDataSourceTests.SyncLocalChanges_LaunchedFromTwoConnectionsToMemmoryDb_BothSucceeds
WSChangesetTests.CalculateSize_LotsOfIntsances_PerformanceBetterThanDoingToRequestString

ECInstanceKeyFilterTests.FilterByClass_OneClassEmptyInput_EmptyResults
    # bim0200dev, x86, DEBUG
    # End of tests reports:
    # f:\bim0200dev\src-staging\wsclient\tests\unittests\published\webservices\client\MockWSClient.h(31): ERROR: this mock object (used in test ECInstanceKeyFilterTests.FilterByClass_OneClassEmptyInput_EmptyResults) should be deleted but never is. Its address is @080BFB7C.
    # ERROR: 1 leaked mock object found at program exit.

ConnectSignInManagerTests.GetAuthenticationHandler_UrlProvider*
    # bim0200dev, x86, DEBUG, CRASHES
    # [ RUN      ] ConnectSignInManagerTests.GetAuthenticationHandler_UrlProviderProduction_SetsValidateCertificateForAllRequests
    # 2016-12-20 09:17:23,277 ERROR [0x00004974] WSClient - Base token not found for 'https://connect-wsg20.bentley.com' delegation token

ConnectSignInManagerTests.GetAuthenticationHandler_TwoRequestsSentUsingDifferentAuthHandlersWithSameServer_TokenReusedForSecondRequest
    # bim0200dev, x86, DEBUG, CRASHES

PassportTests.*
    # bim0200dev, x86, DEBUG, CRASHES

CachingDataSourceTests.GetRepositorySchemaKeys_CacheContainsNonRepositorySchema_ReturnsOnlyRepositorySchemas
    # bim0200dev, x86, DEBUG
    # [ RUN      ] CachingDataSourceTests.GetRepositorySchemaKeys_CacheContainsNonRepositorySchema_ReturnsOnlyRepositorySchemas
    # 2017-01-13 08:35:20,299 ERROR [0x0000b4ac] BeAssert - F:\Bim0200Dev\src-staging\WSClient\Cache\Util\TempFile.cpp(61): ASSERTION FAILURE (0): false
    # F:\Bim0200Dev\src-staging\BeGTest\gtest\BeGTestExe.cpp(225): error: Failed
    # F:\Bim0200Dev\src-staging\WSClient\Cache\Util\TempFile.cpp(61): ASSERTION FAILURE (0): false
    # [  FAILED  ] CachingDataSourceTests.GetRepositorySchemaKeys_CacheContainsNonRepositorySchema_ReturnsOnlyRepositorySchemas (1379 ms)

UrlProviderTests.GetPunchlistWsgUrl_LocalStateHasOldUrlStoredAsString_IgnoresOldUrlAndCallsBuddi
    # bim0200, x64, NDEBUG
    # Also dgndb61-16q4, x64, NDEBUG, PRG
    # [ RUN      ] UrlProviderTests.GetPunchlistWsgUrl_LocalStateHasOldUrlStoredAsString_IgnoresOldUrlAndCallsBuddi
    # F:\Bim0200\src\WSClient\Tests\UnitTests\Published\WebServices\Configuration\UrlProviderTests.cpp(87): error: Actual function call count doesn't match EXPECT_CALL(*client, GetUrl(_, _))...
    #          Expected: to be called once
    #            Actual: never called - unsatisfied and active
    # 
    # GMOCK WARNING:
    # Uninteresting mock function call - taking default action specified at:
    # F:\Bim0200\src\WSClient\Tests\UnitTests\Published\WebServices\Configuration\UrlProviderTests.cpp(130):
    #     Function call: _GetValue(00007FFCFB8A20D8 pointing to "UrlCache", 00007FFCFB8A20C8 pointing to "Environment")
    #           Returns: "null"
    # NOTE: You can safely ignore the above warning unless this call should not happen.  Do not suppress it by blindly adding an EXPECT_CALL() if you don't mean to enforce the call.  See https://github.com/google/googletest/blob/master/googlemock/docs/CookBook.md#knowing-when-to-expect for details.
    # 
    # GMOCK WARNING:
    # Uninteresting mock function call - taking default action specified at:
    # F:\Bim0200\src\WSClient\Tests\UnitTests\Published\WebServices\Configuration\UrlProviderTests.cpp(131):
    #     Function call: _SaveValue(00007FFCFB8A20D8 pointing to "UrlCache", 00007FFCFB8A20C8 pointing to "Environment", @000000A33FF3EE40 "0
    # ")
    # NOTE: You can safely ignore the above warning unless this call should not happen.  Do not suppress it by blindly adding an EXPECT_CALL() if you don't mean to enforce the call.  See https://github.com/google/googletest/blob/master/googlemock/docs/CookBook.md#knowing-when-to-expect for details.
    # F:\Bim0200\src\WSClient\Tests\UnitTests\Published\WebServices\Configuration\UrlProviderTests.cpp(141): error: Mock function called more times than expected - taking default action specified at:
    # F:\Bim0200\src\WSClient\Tests\UnitTests\Published\WebServices\Configuration\UrlProviderTests.cpp(132):
    #     Function call: GetUrl(@0000022B5DDBFD98 "Mobile.PunchListWsg", 103)
    #           Returns: 0000022B5DFF1260
    #          Expected: to be called once
    #            Actual: called twice - over-saturated and active
    # [  FAILED  ] UrlProviderTests.GetPunchlistWsgUrl_LocalStateHasOldUrlStoredAsString_IgnoresOldUrlAndCallsBuddi (35 ms)

	#Connect Web Services Client Wrapper tests - the wrapper is not built as a part of the DgnClientSdk currently, so we will ignore them for now.
	*ConnectWebServicesClientCTests*

# bim0200dev, x86, DEBUG, hang
ConnectSignInManagerTests.GetTokenProvider_DelegationAndIdentityTokenRequestFailsDueToAuthentication_CallsExpirationHandlerAndReturnsNull

# bim0200dev, x64 & x86, DEBUG, random crashes
WSClientTests.GetServerInfo_FirstResponseDoesNotHaveServerHeader_RetriesOtherAndReturnsNotSupported
WSRepositoryClientTests.Send*

ConnectSignInManagerTests.GetAuthenticationHandler_TwoRequestsSentInParaleleUsingDifferentAuthHandlersWithSameServer_OnlyOneTokenRequestSent
# bim0200dev, x64, DEBUG
# [ RUN      ] ConnectSignInManagerTests.GetAuthenticationHandler_TwoRequestsSentInParaleleUsingDifferentAuthHandlersWithSameServer_OnlyOneTokenRequestSent
# F:\Bim0200Dev\src-staging\WSClient\Tests\UnitTests\Published\WebServices\Connect\ConnectSignInManagerTests.cpp(122): error: Mock function called more times than expected - taking default action specified at:
# f:\bim0200dev\src-staging\wsclient\tests\unittests\published\webservices\connect\MockImsClient.h(26):
#     Function call: RequestToken(@049A70EC 56-byte object <94-61 57-04 02-01 00-00 60-92 F4-6B 00-00 00-00 00-00 00-00 00-00 00-00 02-00 00-00 17-71 9A-04 77-73 63-5F 4E-6F 64-65 00-5D 00-45 FF-FF FF-FF 00-00 00-00 70-67 0E-04>, { 'h' (104, 0x68), 't' (116, 0x74), 't' (116, 0x74), 'p' (112, 0x70), 's' (115, 0x73), ':' (58, 0x3A), '/' (47, 0x2F), '/' (47, 0x2F), 'c' (99, 0x63), 'o' (111, 0x6F), 'n' (110, 0x6E), 'n' (110, 0x6E), 'e' (101, 0x65), 'c' (99, 0x63), 't' (116, 0x74), '-' (45, 0x2D), 'w' (119, 0x77), 's' (115, 0x73), 'g' (103, 0x67), '2' (50, 0x32), '0' (48, 0x30), '.' (46, 0x2E), 'b' (98, 0x62), 'e' (101, 0x65), 'n' (110, 0x6E), 't' (116, 0x74), 'l' (108, 0x6C), 'e' (101, 0x65), 'y' (121, 0x79), '.' (46, 0x2E), 'c' (99, 0x63), 'o' (111, 0x6F), ... }, 60)
#           Returns: 040E0560
#          Expected: to be called once
#            Actual: called twice - over-saturated and active
# [  FAILED  ] ConnectSignInManagerTests.GetAuthenticationHandler_TwoRequestsSentInParaleleUsingDifferentAuthHandlersWithSameServer_OnlyOneTokenRequestSent (10 ms)

UsageTrackingTests.PostSingleUsage
    # bim0200dev, x64, DEBUG, random hang
    # Main thread:
    #   KernelBase.dll!SleepConditionVariableSRW() Unknown
    #   msvcp140.dll!Concurrency::details::stl_condition_variable_win7::wait(Concurrency::details::stl_critical_section_interface *) Line 210   C++
    #   msvcp140.dll!do_wait(_Cnd_internal_imp_t *, _Mtx_internal_imp_t *, const xtime *) Line 77   C++
    #   BentleyB02.dll!std::_Cnd_waitX(_Cnd_internal_imp_t *, _Mtx_internal_imp_t *) Line 95    C++
    #   BentleyB02.dll!std::condition_variable_any::wait<std::unique_lock<std::recursive_mutex> >(std::unique_lock<std::recursive_mutex> &) Line 59 C++
    #   BentleyB02.dll!BentleyB0200::BeConditionVariable::InfiniteWait(BentleyB0200::BeMutexHolder &) Line 178  C++
    #   BentleyB02.dll!BentleyB0200::BeConditionVariable::ProtectedWaitOnCondition(BentleyB0200::BeMutexHolder &, BentleyB0200::IConditionVariablePredicate *, unsigned int) Line 197   C++
    #   BentleyB02.dll!BentleyB0200::BeConditionVariable::WaitOnCondition(BentleyB0200::IConditionVariablePredicate *, unsigned int) Line 182   C++
    #   BentleyB02.dll!BentleyB0200::Tasks::AsyncTask::Wait() Line 345  C++
    #   WSClientTest.exe!BentleyB0200::Tasks::PackagedAsyncTask<enum BentleyB0200::WebServices::UsageTracking::Status>::GetResult() Line 186    C++
    #   WSClientTest.exe!UsageTrackingTests_PostSingleUsage_Test::TestBody() Line 46    C++
    #   WSClientTest.exe!testing::internal::HandleSehExceptionsInMethodIfSupported<testing::Test,void>(testing::Test *, void(testing::Test::*)(), const char *) Line 2434   C++
    #   WSClientTest.exe!testing::internal::HandleExceptionsInMethodIfSupported<testing::Test,void>(testing::Test *, void(testing::Test::*)(), const char *) Line 2485  C++
    #   WSClientTest.exe!testing::Test::Run() Line 2528 C++
    #   ...
