#----------------------------------------------------------------------------------------
#   Tests that are ignored on purpose
#----------------------------------------------------------------------------------------
BeFileNameTests.BeFileNameUNCPathTest   # Testable UNC path is required to be available globally.
BeFileNameTests.UNCPrefixedTest         # Testable UNC path is required to be available globally.
BeFileNameTests.UNCReadOnlyTest         # Testable UNC path is required to be available globally.

#----------------------------------------------------------------------------------------
#   Tests that need attention
#----------------------------------------------------------------------------------------
BeTextFileTests.OpenToWrite                     # WIP
BeTextFileTests.CountLinesInFile                # WIP

DoubleFormatterTest.ReplaceDecimalSeparator     # Defect 570798. Non-default decimal Separator is not considered.

CRuntimeTests.posixregex # runs only on Android, and it crashes there in regfree, because preg contains garbage $1 = {buffer = 0x0, allocated = 0, used = 0, syntax = 242396, fastmap = 0x0, translate = 0x2 <Address 0x2 out of bounds>

DirectoryObserverTests.ModificationInObservedDirectory_UIThread
    # WinX64, DgnDb0601, NDEBUG, PRG
    # <crash, no output provided>

#TFS 633328: randomly Crash on iosArm64
DirectoryObserverTests.*

#--------------------------------------------------------------------------------------
# Randomly hanging tests, NDEGUG, Winx64
#--------------------------------------------------------------------------------------
UniqueTaskHolderTests.GetRunningTask_CalledTwice_ExecutesJustFirstTask
UniqueTaskHolderTests.GetRunningTask_CalledSecondTimeAfterFirstFinished_ExecutesSecondTime     
UniqueTaskHolderTests.GetRunningTask_CalledTwiceWithThenTasks_ReturnsValueToBothThens        

UniqueTasksHolderTests.GetTask_CalledTwiceInSequence_ReturnsSameTaskAndParentTaskGetsBlockedByExistingTaskRetrieval

AsyncTaskTests.WhenAll_MultipleTasksInSetAddedWithReturnValues_GetResultWorksOnThem
    # bim0200, x64, NDEBUG, PRG, Hang

AsyncTaskTests.Then_MultipleThenCallbackAdded_AllThenCallbacksExecuted

WorkerThreadTests.Destr_ThreadHasNoStrongRefsLeft_ThreadRunnerStops
    # bim0200, x64, NDEBUG, PRG, Random
    # [ RUN      ] WorkerThreadTests.Destr_ThreadHasNoStrongRefsLeft_ThreadRunnerStops
    # e:\Builds\dcsdk02000138\Source\Bentley\Tests\Published\Tasks\WorkerThreadTests.cpp(38): error: Value of: tWeak.expired()
    #   Actual: true
    # Expected: false
    # [  FAILED  ] WorkerThreadTests.Destr_ThreadHasNoStrongRefsLeft_ThreadRunnerStops (18 ms)
