Build started 7/19/2010 3:52:28 PM.
     1>Project "D:\fusion\main\src\ecf\ecobjects\nativeatp\ScenarioTests\ScenarioTests.vcxproj" on node 2 (build target(s)).
     1>Build:
         C:\Python26\python.exe build\BentleyBuild.py -r ecf -f ecftest -p ECObjectsScenarioTests -v4 build -f -
         C:\Python26\python.exe: can't open file 'build\BentleyBuild.py': [Errno 2] No such file or directory
     1>C:\Program Files (x86)\MSBuild\Microsoft.Cpp\v4.0\Microsoft.MakeFile.Targets(38,5): error MSB3073: The command "C:\Python26\python.exe build\BentleyBuild.py -r ecf -f ecftest -p ECObjectsScenarioTests -v4 build -f -" exited with code 2.
     1>Done Building Project "D:\fusion\main\src\ecf\ecobjects\nativeatp\ScenarioTests\ScenarioTests.vcxproj" (build target(s)) -- FAILED.

Build FAILED.

Time Elapsed 00:00:00.21
