# Graphite05x EDDb upgrade is not yet supported or will not be. Waiting for requirements for any upgrades needed to be implemented.
DataSourceCacheUpgradeTests.CachingDataSource_OpenOrCreate_V5*
DataSourceCacheUpgradeTests.Open_V5*
DataSourceCacheUpgradeTests.Open_V7*
DataSourceCacheUpgradeTests.Open_V8*
DataSourceCacheUpgradeTests.Open_V9*
DataSourceCacheUpgradeTests.Open_V1*

# ECSchema update in ECDb does not support deletions yet
DataSourceCacheTests.UpdateSchemas_SchemasWithDeletedPropertyPassedToDataSourceCacheWithCachedStatements_SuccessAndSchemasAccessable_KnownIssue

# Pending fix on UniqueTaskHolder
ConnectSignInManagerTests.GetAuthenticationHandler_TwoRequestsSentInParaleleUsingDifferentAuthHandlersWithSameServer_OnlyOneTokenRequestSent_KnownIssue

ChangeManagerTests.*
    # DgnDb61-16Q3, WinX64, DEBUG
    # <Random crashes among at least half a dozen of these tests, no output or stack printed>

ChangeGraphTests.*
    # DgnDb61-16Q2, WinX86, DEBUG
    # <Random crashes among these tests, no output or stack printed>

CachingDataSourceTests.*
    # DgnDb61-16Q3, WinX64, DEBUG
    # <Any one of these tests seems to randomly crash or hang with no output or stack printed>

# These DgnDb61-16Q4 tests crash on x64 and Android, ignore as DgnDbServer code is not used there. Should be fixed on BIM0200
DgnDbServerEventParserTests.LockEventTests
DgnDbServerEventParserTests.RevisionEventTests
DgnDbServerEventParserTests.CodeEventTests
DgnDbServerEventParserTests.LocksDeletedEventTests
DgnDbServerEventParserTests.CodesDeletedEventTests

UrlProviderTests.GetPunchlistWsgUrl_TimeoutIsLessThanTimeElapsed_CallsBuddiToGetUrl
    # DgnDb61-16Q4, x64, NDEBUG (PRG)
    # Crash (no stack printed)
    # [ RUN      ] UrlProviderTests.GetPunchlistWsgUrl_TimeoutIsLessThanTimeElapsed_CallsBuddiToGetUrl
    # e:\Builds\dcsdk06010416\Source\WSClient\Tests\UnitTests\Published\WebServices\Configuration\UrlProviderTests.cpp(87): error: Actual function call count doesn't match EXPECT_CALL(*client, GetUrl(_, _))...
    # Expected: to be called once
    # Actual: never called - unsatisfied and active

UrlProviderTests.GetPunchlistWsgUrl_TimeoutIsMoreThanTimeElapsed_ReturnsCachedUrl
    # DgnDb61-16Q4, x64, NDEBUG (PRG)
    # Crash (no stack printed)
    # [ RUN      ] UrlProviderTests.GetPunchlistWsgUrl_TimeoutIsMoreThanTimeElapsed_ReturnsCachedUrl
    # e:\Builds\dcsdk06010417\Source\WSClient\Tests\UnitTests\Published\WebServices\Configuration\UrlProviderTests.cpp(87): error: Actual function call count doesn't match EXPECT_CALL(*client, GetUrl(_, _))...
    #          Expected: to be called once
    #            Actual: never called - unsatisfied and active
    # *********************************************************************************

#Following tests were disabled and are added to ignore list instead
ChangeManagerTests.GetObjectChangeStatus_ObjectDeleted_Deleted
ChangeManagerTests.GetObjectChangeStatus_CreatedObjectDeleted_Deleted
DataSourceCacheTests.CacheResponse_ResultContainsChangedOneToOneRelationship_ChangesRelationshipWithoutErrors_KnownIssue
CachingDataSourceTests.SyncLocalChanges_LaunchedFromTwoConnectionsToSameDb_SecondCallReturnsErrorFunctionalityNotSupported
CachingDataSourceTests.SyncLocalChanges_LaunchedFromTwoConnectionsToDifferentFiles_BothSucceeds
CachingDataSourceTests.SyncLocalChanges_LaunchedFromTwoConnectionsToMemmoryDb_BothSucceeds
WSChangesetTests.CalculateSize_LotsOfIntsances_PerformanceBetterThanDoingToRequestString

UrlProviderTests.GetPunchlistWsgUrl_LocalStateHasOldUrlStoredAsString_IgnoresOldUrlAndCallsBuddi
    # dgndb61-16q4, x64, NDEBUG, PRG
    # [ RUN      ] UrlProviderTests.GetPunchlistWsgUrl_LocalStateHasOldUrlStoredAsString_IgnoresOldUrlAndCallsBuddi
    # e:\Builds\dcsdk06010420\Source\WSClient\Tests\UnitTests\Published\WebServices\Configuration\UrlProviderTests.cpp(87): error: Actual function call count doesn't match EXPECT_CALL(*client, GetUrl(_, _))...
    #          Expected: to be called once
    #            Actual: never called - unsatisfied and active
    # 
    # GMOCK WARNING:
    # Uninteresting mock function call - taking default action specified at:
    # e:\Builds\dcsdk06010420\Source\WSClient\Tests\UnitTests\Published\WebServices\Configuration\UrlProviderTests.cpp(130):
    #     Function call: _GetValue(00007FFC6EC4EF18 pointing to "UrlCache", 00007FFC6EC4EF08 pointing to "Environment")
    #           Returns: "null"
    # NOTE: You can safely ignore the above warning unless this call should not happen.  Do not suppress it by blindly adding an EXPECT_CALL() if you don't mean to enforce the call.  See https://github.com/google/googletest/blob/master/googlemock/docs/CookBook.md#knowing-when-to-expect for details.
    # 
    # GMOCK WARNING:
    # Uninteresting mock function call - taking default action specified at:
    # e:\Builds\dcsdk06010420\Source\WSClient\Tests\UnitTests\Published\WebServices\Configuration\UrlProviderTests.cpp(131):
    #     Function call: _SaveValue(00007FFC6EC4EF18 pointing to "UrlCache", 00007FFC6EC4EF08 pointing to "Environment", @000000702796EE70 "0
    # ")
    # NOTE: You can safely ignore the above warning unless this call should not happen.  Do not suppress it by blindly adding an EXPECT_CALL() if you don't mean to enforce the call.  See https://github.com/google/googletest/blob/master/googlemock/docs/CookBook.md#knowing-when-to-expect for details.
    # e:\Builds\dcsdk06010420\Source\WSClient\Tests\UnitTests\Published\WebServices\Configuration\UrlProviderTests.cpp(141): error: Mock function called more times than expected - taking default action specified at:
    # e:\Builds\dcsdk06010420\Source\WSClient\Tests\UnitTests\Published\WebServices\Configuration\UrlProviderTests.cpp(132):
    #     Function call: GetUrl(@000000702A88EC78 "Mobile.PunchListWsg", 103)
    #           Returns: 000000702AA37F50
    #          Expected: to be called once
    #            Actual: called twice - over-saturated and active
    # [  FAILED  ] UrlProviderTests.GetPunchlistWsgUrl_LocalStateHasOldUrlStoredAsString_IgnoresOldUrlAndCallsBuddi (8 ms)
