#--------------------------------------------------------------------------------
# PLEASE keep this file structurized and add new issues to specific sections:
# KNOWN, BREAKAGES, RANDOM, NEW
#--------------------------------------------------------------------------------

#--------------------------------------------------------------------------------
# KNOWN issues
#--------------------------------------------------------------------------------

# Graphite05x ECDb upgrade is not yet supported or will not be. Waiting for requirements for any upgrades needed to be implemented.
DataSourceCacheUpgradeTests.CachingDataSource_OpenOrCreate_V5*
DataSourceCacheUpgradeTests.Open_V5*
DataSourceCacheUpgradeTests.Open_V7*
DataSourceCacheUpgradeTests.Open_V8*
DataSourceCacheUpgradeTests.Open_V9*
DataSourceCacheUpgradeTests.Open_V1*
# DgnDb0601-Q4 -> BIM0200 ECDb upgrade not supported.
DataSourceCacheUpgradeTests.Open_V20*

# Tests that fail for know reasons and require larger fixes
*_KnownIssue*

# Following tests were disabled and are added to ignore list instead
ChangeManagerTests.GetObjectChangeStatus_ObjectDeleted_Deleted
ChangeManagerTests.GetObjectChangeStatus_CreatedObjectDeleted_Deleted
CachingDataSourceTests.SyncLocalChanges_LaunchedFromTwoConnectionsToSameDb_SecondCallReturnsErrorFunctionalityNotSupported
CachingDataSourceTests.SyncLocalChanges_LaunchedFromTwoConnectionsToDifferentFiles_BothSucceeds
CachingDataSourceTests.SyncLocalChanges_LaunchedFromTwoConnectionsToMemmoryDb_BothSucceeds
WSChangesetTests.CalculateSize_LotsOfIntsances_PerformanceBetterThanDoingToRequestString

#--------------------------------------------------------------------------------
# BREAKAGES caused by recent changes in dependencies
#--------------------------------------------------------------------------------

# Need to be adjusted as ECDb no longer contains MetaSchema by default. WSCacheMetaSchema can be removed now and generic MetaSchema be used instead
# However, this will make MetaSchema.02.00 fail upon import as it has some invalid classes. Using MetaSchema from WSG 2.x servers will not work.
# Importing MetaSchema.03.00 will make old servers not compatible immediately. Review after WSG 2.6 or WSG 3.0 with EC3.0 compatibility is released.
CachingDataSourceTests.OpenOrCreate_ServerDoesNotReturnMetaSchema_GetsSchemasAndImportsThemWithMetaSchema

#--------------------------------------------------------------------------------
# RANDOM reproduceable crashes/hangs that break DEV builds
#--------------------------------------------------------------------------------

BeSQLiteDbTransactionHandlerTests.StartTransaction_TwoConnections_SecondConnectionIsBlockedUntilFirstFinishesTransaction
    # bim0200, NDEBUG, x64, random
    # Hang on line 192 of the test body: while (handler2.m_lastBusyCount == 0); // Wait until handler2 gets busy error and retries

#--------------------------------------------------------------------------------
# RANDOM crashes/hangs on PRG/FIREBUG (usually can be ran on DEV x64 builds with no problems)
#--------------------------------------------------------------------------------

ChangeManagerTests.*
    # DgnDb61-16Q3, WinX64, DEBUG
    # <Random crashes among at least half a dozen of these tests, no output or stack printed>

ChangeGraphTests.*
    # DgnDb61-16Q2, WinX86, DEBUG
    # <Random crashes among these tests, no output or stack printed>

CachingDataSourceTests.*
    # DgnDb61-16Q3, WinX64, DEBUG
    # <Any one of these tests seems to randomly crash or hang with no output or stack printed>

# These DgnDb61-16Q4 tests crash on x64 and Android, ignore as DgnDbServer code is not used there. Should be fixed on BIM0200
DgnDbServerEventParserTests.LockEventTests
DgnDbServerEventParserTests.RevisionEventTests
DgnDbServerEventParserTests.CodeEventTests
DgnDbServerEventParserTests.LocksDeletedEventTests
DgnDbServerEventParserTests.CodesDeletedEventTests

CachingDataSourceTests.GetFile_CalledMultipleTimesFirstCancelled_FirstCallbackIsCancelledSecondFinishes
CachingDataSourceTests.GetFile_CalledMultipleTimes*
    # bim0200, NDEBUG, x64 and x86
    # The first hung on line 751 of the test body: while (!downloadStarted);
    # The rest seemed to randomly hang as well.

CachingDataSourceTests.UpdateSchemas_InvalidSchemaGotFromServer_ReturnsRepositorySchemaError
    # bim0200, NDEBUG, x86, random
    # Randomly crashes, no stack printed, test output:
    # [ RUN      ] CachingDataSourceTests.UpdateSchemas_InvalidSchemaGotFromServer_ReturnsRepositorySchemaError
    # 2016-10-26 11:20:58,734 ERROR [0x00006d40] ECObjectsNative - XML Parsing error code 4 at line 1, column 1, parsing file 'file:/F:/Bim0200/out.ndebug/Winx86/Product/WSClient-Gtest/run/Temp/test_files_temporary/9381311e-1e83-4f0e-b0d4-5b5073dc6dfd/Foo.00.00.ecschema.xml'. Start tag expected, '<' not found
    #
    # 2016-10-26 11:20:58,734 ERROR [0x00006d40] ECObjectsNative - line 1, position 1
    # 2016-10-26 11:20:58,734 ERROR [0x00006d40] ECObjectsNative - XML Parsing error code 4 at line 1, column 1, parsing file 'file:/F:/Bim0200/out.ndebug/Winx86/Product/WSClient-Gtest/run/Temp/test_files_temporary/9381311e-1e83-4f0e-b0d4-5b5073dc6dfd/Foo.00.00.ecschema.xml'

CachingDataSourceTests.GetRepositorySchemas_CacheContainsNonRepositorySchema_ReturnsOnlyRepositorySchemas
    # bim0200dev, DEBUG, x64, random
    # [ RUN      ] CachingDataSourceTests.GetRepositorySchemas_CacheContainsNonRepositorySchema_ReturnsOnlyRepositorySchemas
    # 2016-10-27 07:54:41,529 ERROR [0x00002790] BeAssert - F:\Bim0200Dev\src-staging\WSClient\Cache\Util\TempFile.cpp(61): ASSERTION FAILURE (0): false
    # F:\Bim0200Dev\src-staging\BeGTest\gtest\BeGTestExe.cpp(215): error: Failed
    # F:\Bim0200Dev\src-staging\WSClient\Cache\Util\TempFile.cpp(61): ASSERTION FAILURE (0): false
    # CachingDataSourceTests.GetRepositorySchemas_CacheContainsNonRepositorySchema_ReturnsOnlyRepositorySchemas (798 ms)

UrlProviderTests.GetPunchlistWsgUrl_TimeoutIsLessThanTimeElapsed_CallsBuddiToGetUrl
    # bim0200, NDEBUG, x64, random, firebug hang

UrlProviderTests.GetSecurityConfigurator_InitializedWithQa_DoesNotSetValidateCertificate
    # bim0200dev, x86, NDEBUG, firebug, random, crash

UrlProviderTests.GetPunchlistWsgUrl_TimeoutIsLessThanTimeElapsed_CallsBuddiToGetUrl
    # DgnDb61-16Q4, x64, NDEBUG (PRG)
    # Crash (no stack printed)
    # [ RUN      ] UrlProviderTests.GetPunchlistWsgUrl_TimeoutIsLessThanTimeElapsed_CallsBuddiToGetUrl
    # e:\Builds\dcsdk06010416\Source\WSClient\Tests\UnitTests\Published\WebServices\Configuration\UrlProviderTests.cpp(87): error: Actual function call count doesn't match EXPECT_CALL(*client, GetUrl(_, _))...
    # Expected: to be called once
    # Actual: never called - unsatisfied and active

UrlProviderTests.GetPunchlistWsgUrl_TimeoutIsMoreThanTimeElapsed_ReturnsCachedUrl
    # DgnDb61-16Q4, x64, NDEBUG (PRG)
    # Crash (no stack printed)
    # [ RUN      ] UrlProviderTests.GetPunchlistWsgUrl_TimeoutIsMoreThanTimeElapsed_ReturnsCachedUrl
    # e:\Builds\dcsdk06010417\Source\WSClient\Tests\UnitTests\Published\WebServices\Configuration\UrlProviderTests.cpp(87): error: Actual function call count doesn't match EXPECT_CALL(*client, GetUrl(_, _))...
    #          Expected: to be called once
    #            Actual: never called - unsatisfied and active
    # *********************************************************************************

ECInstanceKeyFilterTests.FilterByClass_OneClassEmptyInput_EmptyResults
    # bim0200dev, x86, DEBUG
    # End of tests reports:
    # f:\bim0200dev\src-staging\wsclient\tests\unittests\published\webservices\client\MockWSClient.h(31): ERROR: this mock object (used in test ECInstanceKeyFilterTests.FilterByClass_OneClassEmptyInput_EmptyResults) should be deleted but never is. Its address is @080BFB7C.
    # ERROR: 1 leaked mock object found at program exit.

ConnectSignInManagerTests.GetAuthenticationHandler_UrlProvider*
    # bim0200dev, x86, DEBUG, CRASHES
    # [ RUN      ] ConnectSignInManagerTests.GetAuthenticationHandler_UrlProviderProduction_SetsValidateCertificateForAllRequests
    # 2016-12-20 09:17:23,277 ERROR [0x00004974] WSClient - Base token not found for 'https://connect-wsg20.bentley.com' delegation token

ConnectSignInManagerTests.GetAuthenticationHandler_TwoRequestsSentUsingDifferentAuthHandlersWithSameServer_TokenReusedForSecondRequest
    # bim0200dev, x86, DEBUG, CRASHES

PassportTests.*
    # bim0200dev, x86, DEBUG, CRASHES

CachingDataSourceTests.GetRepositorySchemaKeys_CacheContainsNonRepositorySchema_ReturnsOnlyRepositorySchemas
    # bim0200dev, x86, DEBUG
    # [ RUN      ] CachingDataSourceTests.GetRepositorySchemaKeys_CacheContainsNonRepositorySchema_ReturnsOnlyRepositorySchemas
    # 2017-01-13 08:35:20,299 ERROR [0x0000b4ac] BeAssert - F:\Bim0200Dev\src-staging\WSClient\Cache\Util\TempFile.cpp(61): ASSERTION FAILURE (0): false
    # F:\Bim0200Dev\src-staging\BeGTest\gtest\BeGTestExe.cpp(225): error: Failed
    # F:\Bim0200Dev\src-staging\WSClient\Cache\Util\TempFile.cpp(61): ASSERTION FAILURE (0): false
    # CachingDataSourceTests.GetRepositorySchemaKeys_CacheContainsNonRepositorySchema_ReturnsOnlyRepositorySchemas (1379 ms)

UrlProviderTests.GetPunchlistWsgUrl_LocalStateHasOldUrlStoredAsString_IgnoresOldUrlAndCallsBuddi
    # bim0200, x64, NDEBUG
    # Also dgndb61-16q4, x64, NDEBUG, PRG
    # [ RUN      ] UrlProviderTests.GetPunchlistWsgUrl_LocalStateHasOldUrlStoredAsString_IgnoresOldUrlAndCallsBuddi
    # F:\Bim0200\src\WSClient\Tests\UnitTests\Published\WebServices\Configuration\UrlProviderTests.cpp(87): error: Actual function call count doesn't match EXPECT_CALL(*client, GetUrl(_, _))...
    #          Expected: to be called once
    #            Actual: never called - unsatisfied and active
    #
    # GMOCK WARNING:
    # Uninteresting mock function call - taking default action specified at:
    # F:\Bim0200\src\WSClient\Tests\UnitTests\Published\WebServices\Configuration\UrlProviderTests.cpp(130):
    #     Function call: _GetValue(00007FFCFB8A20D8 pointing to "UrlCache", 00007FFCFB8A20C8 pointing to "Environment")
    #           Returns: "null"
    # NOTE: You can safely ignore the above warning unless this call should not happen.  Do not suppress it by blindly adding an EXPECT_CALL() if you don't mean to enforce the call.  See https://github.com/google/googletest/blob/master/googlemock/docs/CookBook.md#knowing-when-to-expect for details.
    #
    # GMOCK WARNING:
    # Uninteresting mock function call - taking default action specified at:
    # F:\Bim0200\src\WSClient\Tests\UnitTests\Published\WebServices\Configuration\UrlProviderTests.cpp(131):
    #     Function call: _SaveValue(00007FFCFB8A20D8 pointing to "UrlCache", 00007FFCFB8A20C8 pointing to "Environment", @000000A33FF3EE40 "0
    # ")
    # NOTE: You can safely ignore the above warning unless this call should not happen.  Do not suppress it by blindly adding an EXPECT_CALL() if you don't mean to enforce the call.  See https://github.com/google/googletest/blob/master/googlemock/docs/CookBook.md#knowing-when-to-expect for details.
    # F:\Bim0200\src\WSClient\Tests\UnitTests\Published\WebServices\Configuration\UrlProviderTests.cpp(141): error: Mock function called more times than expected - taking default action specified at:
    # F:\Bim0200\src\WSClient\Tests\UnitTests\Published\WebServices\Configuration\UrlProviderTests.cpp(132):
    #     Function call: GetUrl(@0000022B5DDBFD98 "Mobile.PunchListWsg", 103)
    #           Returns: 0000022B5DFF1260
    #          Expected: to be called once
    #            Actual: called twice - over-saturated and active
    # [  FAILED  ] UrlProviderTests.GetPunchlistWsgUrl_LocalStateHasOldUrlStoredAsString_IgnoresOldUrlAndCallsBuddi (35 ms)

#Connect Web Services Client Wrapper tests - the wrapper is not built as a part of the DgnClientSdk currently, so we will ignore them for now.
*ConnectWebServicesClientCTests*

# bim0200dev, x86, DEBUG, hang
ConnectSignInManagerTests.GetTokenProvider_DelegationAndIdentityTokenRequestFailsDueToAuthentication_CallsExpirationHandlerAndReturnsNull

# bim0200dev, x64 & x86, DEBUG, random crashes
WSClientTests.GetServerInfo_FirstResponseDoesNotHaveServerHeader_RetriesOtherAndReturnsNotSupported
WSRepositoryClientTests.Send*

ConnectSignInManagerTests.GetAuthenticationHandler_TwoRequestsSentInParaleleUsingDifferentAuthHandlersWithSameServer_OnlyOneTokenRequestSent
# bim0200dev, x64, DEBUG
# [ RUN      ] ConnectSignInManagerTests.GetAuthenticationHandler_TwoRequestsSentInParaleleUsingDifferentAuthHandlersWithSameServer_OnlyOneTokenRequestSent
# F:\Bim0200Dev\src-staging\WSClient\Tests\UnitTests\Published\WebServices\Connect\ConnectSignInManagerTests.cpp(122): error: Mock function called more times than expected - taking default action specified at:
# f:\bim0200dev\src-staging\wsclient\tests\unittests\published\webservices\connect\MockImsClient.h(26):
#     Function call: RequestToken(@049A70EC 56-byte object <94-61 57-04 02-01 00-00 60-92 F4-6B 00-00 00-00 00-00 00-00 00-00 00-00 02-00 00-00 17-71 9A-04 77-73 63-5F 4E-6F 64-65 00-5D 00-45 FF-FF FF-FF 00-00 00-00 70-67 0E-04>, { 'h' (104, 0x68), 't' (116, 0x74), 't' (116, 0x74), 'p' (112, 0x70), 's' (115, 0x73), ':' (58, 0x3A), '/' (47, 0x2F), '/' (47, 0x2F), 'c' (99, 0x63), 'o' (111, 0x6F), 'n' (110, 0x6E), 'n' (110, 0x6E), 'e' (101, 0x65), 'c' (99, 0x63), 't' (116, 0x74), '-' (45, 0x2D), 'w' (119, 0x77), 's' (115, 0x73), 'g' (103, 0x67), '2' (50, 0x32), '0' (48, 0x30), '.' (46, 0x2E), 'b' (98, 0x62), 'e' (101, 0x65), 'n' (110, 0x6E), 't' (116, 0x74), 'l' (108, 0x6C), 'e' (101, 0x65), 'y' (121, 0x79), '.' (46, 0x2E), 'c' (99, 0x63), 'o' (111, 0x6F), ... }, 60)
#           Returns: 040E0560
#          Expected: to be called once
#            Actual: called twice - over-saturated and active
# ConnectSignInManagerTests.GetAuthenticationHandler_TwoRequestsSentInParaleleUsingDifferentAuthHandlersWithSameServer_OnlyOneTokenRequestSent (10 ms)

UsageTrackingTests.PostSingleUsage
    # bim0200dev, x64, DEBUG, random hang
    # Main thread:
    #   KernelBase.dll!SleepConditionVariableSRW() Unknown
    #   msvcp140.dll!Concurrency::details::stl_condition_variable_win7::wait(Concurrency::details::stl_critical_section_interface *) Line 210   C++
    #   msvcp140.dll!do_wait(_Cnd_internal_imp_t *, _Mtx_internal_imp_t *, const xtime *) Line 77   C++
    #   BentleyB02.dll!std::_Cnd_waitX(_Cnd_internal_imp_t *, _Mtx_internal_imp_t *) Line 95    C++
    #   BentleyB02.dll!std::condition_variable_any::wait<std::unique_lock<std::recursive_mutex> >(std::unique_lock<std::recursive_mutex> &) Line 59 C++
    #   BentleyB02.dll!BentleyB0200::BeConditionVariable::InfiniteWait(BentleyB0200::BeMutexHolder &) Line 178  C++
    #   BentleyB02.dll!BentleyB0200::BeConditionVariable::ProtectedWaitOnCondition(BentleyB0200::BeMutexHolder &, BentleyB0200::IConditionVariablePredicate *, unsigned int) Line 197   C++
    #   BentleyB02.dll!BentleyB0200::BeConditionVariable::WaitOnCondition(BentleyB0200::IConditionVariablePredicate *, unsigned int) Line 182   C++
    #   BentleyB02.dll!BentleyB0200::Tasks::AsyncTask::Wait() Line 345  C++
    #   WSClientTest.exe!BentleyB0200::Tasks::PackagedAsyncTask<enum BentleyB0200::WebServices::UsageTracking::Status>::GetResult() Line 186    C++
    #   WSClientTest.exe!UsageTrackingTests_PostSingleUsage_Test::TestBody() Line 46    C++
    #   WSClientTest.exe!testing::internal::HandleSehExceptionsInMethodIfSupported<testing::Test,void>(testing::Test *, void(testing::Test::*)(), const char *) Line 2434   C++
    #   WSClientTest.exe!testing::internal::HandleExceptionsInMethodIfSupported<testing::Test,void>(testing::Test *, void(testing::Test::*)(), const char *) Line 2485  C++
    #   WSClientTest.exe!testing::Test::Run() Line 2528 C++
    #   ...

UsageTrackingTests.PostMultipleUsage
    # bim0200dev, x64, DEBUG, random hang
    # Main thread:
    #   ntdll.dll!NtWaitForAlertByThreadId()   Unknown
    #   ntdll.dll!RtlSleepConditionVariableSRW()    Unknown
    #   KernelBase.dll!SleepConditionVariableSRW() Unknown
    #   msvcp140.dll!Concurrency::details::stl_condition_variable_win7::wait(Concurrency::details::stl_critical_section_interface *) Line 210   C++
    #   msvcp140.dll!do_wait(_Cnd_internal_imp_t *, _Mtx_internal_imp_t *, const xtime *) Line 77   C++
    #   BentleyB02.dll!std::_Cnd_waitX(_Cnd_internal_imp_t *, _Mtx_internal_imp_t *) Line 95    C++
    #   BentleyB02.dll!std::condition_variable_any::wait<std::unique_lock<std::recursive_mutex> >(std::unique_lock<std::recursive_mutex> &) Line 59 C++
    #   BentleyB02.dll!BentleyB0200::BeConditionVariable::InfiniteWait(BentleyB0200::BeMutexHolder &) Line 178  C++
    #   BentleyB02.dll!BentleyB0200::BeConditionVariable::ProtectedWaitOnCondition(BentleyB0200::BeMutexHolder &, BentleyB0200::IConditionVariablePredicate *, unsigned int) Line 197   C++
    #   BentleyB02.dll!BentleyB0200::BeConditionVariable::WaitOnCondition(BentleyB0200::IConditionVariablePredicate *, unsigned int) Line 182   C++
    #   BentleyB02.dll!BentleyB0200::Tasks::AsyncTask::Wait() Line 345  C++
    #   WSClientTest.exe!BentleyB0200::Tasks::PackagedAsyncTask<enum BentleyB0200::WebServices::UsageTracking::Status>::GetResult() Line 186    C++
    #   WSClientTest.exe!UsageTrackingTests_PostMultipleUsage_Test::TestBody() Line 70  C++
    #   WSClientTest.exe!testing::internal::HandleSehExceptionsInMethodIfSupported<testing::Test,void>(testing::Test *, void(testing::Test::*)(), const char *) Line 2434   C++
    #   WSClientTest.exe!testing::internal::HandleExceptionsInMethodIfSupported<testing::Test,void>(testing::Test *, void(testing::Test::*)(), const char *) Line 2485  C++
    #   WSClientTest.exe!testing::Test::Run() Line 2528 C++
    #   ...

DataSourceCacheTests.ReadInstanceLabel_EmptyObjectId_ReturnsEmpty
    # bim0200, x86, NDEBUG, PRG, seems random
    # [ RUN      ] DataSourceCacheTests.ReadInstanceLabel_EmptyObjectId_ReturnsEmpty
    # e:\Builds\dcsdk02000128\Source\WSClient\Tests\UnitTests\Published\WebServices\Cache\Persistence\BaseCacheTest.cpp(237): error:       Expected: BeFileNameStatus::Success
    # To be equal to: BeFileName::EmptyAndRemoveDirectory(s_targetCacheFolderPath)
    #       Which is: BeFileNameStatus::FileNotFound
    # e:\Builds\dcsdk02000128\Source\WSClient\Tests\UnitTests\Published\WebServices\Cache\Persistence\BaseCacheTest.cpp(238): error:       Expected: BeFileNameStatus::Success
    # To be equal to: BeFileName::CloneDirectory(s_seedCacheFolderPath, s_targetCacheFolderPath)
    #       Which is: BeFileNameStatus::AlreadyExists
    # unknown file: error: SEH exception with code 0xc0000005 thrown in the test body.
    # *********************** STACK TRACE ************************
    # [12] testing::internal::HandleExceptionsInMethodIfSupported<testing::TestCase,void> (0x17f0fd0)
    # [11] testing::Test::Run (0x17feb70)
    # [10] testing::TestInfo::Run (0x17fee00)
    # [9] testing::TestCase::Run (0x17fec60)
    # [8] testing::internal::UnitTestImpl::RunAllTests (0x17ff0a0)
    # [7] testing::internal::HandleSehExceptionsInMethodIfSupported<testing::internal::UnitTestImpl,bool> (0x17f13f0)
    # [6] testing::internal::HandleExceptionsInMethodIfSupported<testing::internal::UnitTestImpl,bool> (0x17f11b0)
    # [5] testing::UnitTest::Run (0x17fef80)
    # [4] main (0x1327800)
    # [3] __scrt_common_main_seh (0x180a418)
    # [2] BaseThreadInitThunk (0x76807be0)
    # [1] RtlInitializeExceptionChain (0x77a4ab00)
    # [0] RtlInitializeExceptionChain (0x77a4ab00)
    #
    # [  FAILED  ] DataSourceCacheTests.ReadInstanceLabel_EmptyObjectId_ReturnsEmpty (1916 ms)

DataSourceCacheTests.UpdateSchemas_SchemaWithOneToOneRelationship_ChangesRelationshipToZeroToOneAndAllowsCaching
    # bim0200, x64 & x86, NDEBUG
    # [ RUN      ] DataSourceCacheTests.UpdateSchemas_SchemaWithOneToOneRelationship_ChangesRelationshipToZeroToOneAndAllowsCaching
    # F:\Bim0200\src\WSClient\Tests\UnitTests\Published\WebServices\Cache\Persistence\DataSourceCacheTests.cpp(293): error: Value of: VerifyHasRelationship(cache, "UpdateSchema.AB", {"UpdateSchema.A", "AA"}, {"UpdateSchema.B", "BB"})
    #   Actual: false
    # Expected: true
    # DataSourceCacheTests.UpdateSchemas_SchemaWithOneToOneRelationship_ChangesRelationshipToZeroToOneAndAllowsCaching (68 ms)

ConnectSignInManagerTests.GetTokenProvider_NotSignedIn_TokenProviderDoesNotReturnAnyTokens
    # bim0200dev, x64 & x86, DEBUG,
    # hangs

DataSourceCacheTests.Create_ValidParameters_Success
    # bim0200dev, x64, DEBUG
    # [ RUN      ] DataSourceCacheTests.Create_ValidParameters_Success
    # F:\Bim0200Dev\src-staging\WSClient\Tests\UnitTests\Published\WebServices\Cache\Persistence\DataSourceCacheTests.cpp(27): error:       Expected: SUCCESS
    #       Which is: 0
    # To be equal to: result
    #       Which is: 32768
    # DataSourceCacheTests.Create_ValidParameters_Success (398 ms)
DataSourceCacheTests.Open_SimpleECDb_Succeeds
    # bim0200dev, x64, DEBUG
    # [ RUN      ] DataSourceCacheTests.Open_SimpleECDb_Succeeds
    # F:\Bim0200Dev\src-staging\WSClient\Tests\UnitTests\Published\WebServices\Cache\Persistence\DataSourceCacheTests.cpp(51): error:       Expected: SUCCESS
    #       Which is: 0
    # To be equal to: DataSourceCache().Open(path, CacheEnvironment())
    #       Which is: 32768
    # DataSourceCacheTests.Open_SimpleECDb_Succeeds (501 ms)
DataSourceCacheTests.Open_ExistingDb_Success
    # bim0200dev, x64, DEBUG
    # [ RUN      ] DataSourceCacheTests.Open_ExistingDb_Success
    # F:\Bim0200Dev\src-staging\WSClient\Tests\UnitTests\Published\WebServices\Cache\Persistence\DataSourceCacheTests.cpp(59): error:       Expected: SUCCESS
    #       Which is: 0
    # To be equal to: cache.Create(path, StubCacheEnvironemnt())
    #       Which is: 32768
    # DataSourceCacheTests.Open_ExistingDb_Success (441 ms)
DataSourceCacheTests.GetEnvironment_CreatedWithEmptyEnvironment_Empty
    # bim0200dev, x64, DEBUG
    # [ RUN      ] DataSourceCacheTests.GetEnvironment_CreatedWithEmptyEnvironment_Empty
    # F:\Bim0200Dev\src-staging\WSClient\Tests\UnitTests\Published\WebServices\Cache\Persistence\DataSourceCacheTests.cpp(84): error:       Expected: SUCCESS
    #       Which is: 0
    # To be equal to: cache.Create(BeFileName(":memory:"), CacheEnvironment())
    #       Which is: 32768
    # DataSourceCacheTests.GetEnvironment_CreatedWithEmptyEnvironment_Empty (374 ms)
DataSourceCacheTests.GetEnvironment_CreatedWithFullBaseEnvironment_SubFoldersToSameBaseEnvironment
    # bim0200dev, x64, DEBUG
    # [ RUN      ] DataSourceCacheTests.GetEnvironment_CreatedWithFullBaseEnvironment_SubFoldersToSameBaseEnvironment
    # F:\Bim0200Dev\src-staging\WSClient\Tests\UnitTests\Published\WebServices\Cache\Persistence\DataSourceCacheTests.cpp(100): error:       Expected: SUCCESS
    #       Which is: 0
    # To be equal to: cache.Create(BeFileName(":memory:"), baseEnv)
    #       Which is: 32768
    # DataSourceCacheTests.GetEnvironment_CreatedWithFullBaseEnvironment_SubFoldersToSameBaseEnvironment (366 ms)
DataSourceCacheTests.GetEnvironment_CreatedWithoutExternalEnvironmentDir_ExternalIsSubfolderToPersistentDir
    # bim0200dev, x64, DEBUG
    # [ RUN      ] DataSourceCacheTests.GetEnvironment_CreatedWithoutExternalEnvironmentDir_ExternalIsSubfolderToPersistentDir
    # F:\Bim0200Dev\src-staging\WSClient\Tests\UnitTests\Published\WebServices\Cache\Persistence\DataSourceCacheTests.cpp(115): error:       Expected: SUCCESS
    #       Which is: 0
    # To be equal to: cache.Create(BeFileName(":memory:"), baseEnv)
    #       Which is: 32768
    # DataSourceCacheTests.GetEnvironment_CreatedWithoutExternalEnvironmentDir_ExternalIsSubfolderToPersistentDir (352 ms)
DataSourceCacheTests.UpdateSchemas_EmptyVectorPassed_DoesNothingAndSucceeds
    # bim0200dev, x64, DEBUG
    # [ RUN      ] DataSourceCacheTests.UpdateSchemas_EmptyVectorPassed_DoesNothingAndSucceeds
    # F:\Bim0200Dev\src-staging\WSClient\Tests\UnitTests\Published\WebServices\Cache\Persistence\BaseCacheTest.cpp(261): error:       Expected: SUCCESS
    #       Which is: 0
    # To be equal to: cache->Create(filePath, environment)
    #       Which is: 32768
    # DataSourceCacheTests.UpdateSchemas_EmptyVectorPassed_DoesNothingAndSucceeds (821 ms)
DataSourceCacheUpgradeTests.Open_CurrentVersionDb_Success
    # bim0200dev, x64, DEBUG
    # [ RUN      ] DataSourceCacheUpgradeTests.Open_CurrentVersionDb_Success
    # F:\Bim0200Dev\src-staging\WSClient\Tests\UnitTests\Published\WebServices\Cache\Upgrade\DataSourceCacheUpgradeTests.cpp(377): error:       Expected: SUCCESS
    #       Which is: 0
    # To be equal to: cache.Create(path, StubCacheEnvironemnt())
    #       Which is: 32768
    # DataSourceCacheUpgradeTests.Open_CurrentVersionDb_Success (871 ms)

DataSourceCacheTests.*
    # bim0200dev, x64, DEBUG
    # These will fail one-by-one as you start ignoring them.

ChunkedUploadRequestTests.PerformAsync_FirtResponseNotResumeIncomplete_StopsRequest
    # bim0200dev, x64, NDEBUG, firebug, random hang

#--------------------------------------------------------------------------------
# NEW not reviewed issues
#--------------------------------------------------------------------------------
#Need to be adjusted to schema changes where nav props were added for ECRelationships
ECDbAdapterTests.FindRelationshipClassWithTarget_SchemaHasOneMatchingBackwardRelationsipClassAndOneWithBaseClasses_ReturnsMatching
ECDbAdapterTests.FindClosestRelationshipClassWithSource_SchemaHasTwoMatchingRelClassesOneBackwardRelationshipClosest_ReturnsClosestMatching
ECDbAdapterTests.FindClosestRelationshipClassWithSource_SchemaHasTwoMatchingRelClassesOneOppositeRelationshipClosest_ReturnsClosestMatching
ECDbAdapterTests.FindClosestRelationshipClassWithSource_SchemaHasTwoMatchingRelClassesOneBackwardOppositeRelationshipClosest_ReturnsMatchingFirstClass
ECDbAdapterTests.FindClosestRelationshipClassWithSource_SchemaHasTwoMatchingRelClassesOneBackwardOppositeRelationshipClosest_ReturnsMatchingSecondClass
ECDbAdapterTests.FindRelationshipClassesInSchema_SchemaHasTwoMatchingRelClassIncludingBackwardRelClassAndOneWithBaseClasses_ReturnsMatching
ECDbAdapterTests.FindRelationshipClasses_SchemaHasOneMatchingRelClassOneBackwardRelClassAndOneWithBaseClasses_ReturnsMatching
# INSERT into non-link table rel must go via nav prop
ECInstanceKeyFilterTests.FilterByClass_MultipleClassesEmptyInput_EmptyResults
ECInstanceKeyFilterTests.FilterByClass_MultipleInvalidClasses_SkipsInvalidClasses
ECInstanceKeyFilterTests.FilterByClass_OneClass_FiltersByClass
ECInstanceKeyFilterTests.FilterByClass_MultipleClasses_FiltersByClasses
ECInstanceKeyFilterTests.FilterByClass_OneClassPolymorphicaly_FiltersByClassAndItsDerived
ECInstanceKeyFilterTests.FilterByClass_MultipleClassesPolymorphicaly_FiltersByClassesAndItsDerived
ECInstanceKeyFilterTests.AddLabelFilter_EmptyLabelPassed_FindsNoInstances
ECInstanceKeyFilterTests.AddLabelFilter_MultipleClasses_FiltersByLabel
ECInstanceKeyFilterTests.AddLabelFilterAndByClass_MultipleClasses_FiltersByLabelAndClass
ECInstanceKeyFilterTests.AddAnyPropertiesLikeFilter_SingleClas_FiltersByLabel
ECInstanceKeyFilterTests.AddAnyPropertiesLikeFilter_MultipleClasses_FiltersByLabel
ECInstanceKeyFilterTests.SetLimit_OnClassFilter_ReturnsLimitedInstances
ECInstanceKeyFilterTests.SetLimit_OnLabelFilter_ReturnsLimitedInstances

# WIP_MERGE_Vincas - large number of failures, likely caused by the hard-coded schema in ECDbAdapterTests.cpp.
ECDbAdapterTests.*
