#----------------------------------------------------------------------------------------
#   Tests that are ignored on purpose
#----------------------------------------------------------------------------------------
InstanceCRUDTests.* 	# No need to run with the build, used by testing after build for verifying CRUD operations.

#----------------------------------------------------------------------------------------
#   Tests that need attention
#----------------------------------------------------------------------------------------
#TFS268976 will address this (Affan)
ECDbMappingTestFixture.MismatchDataTypesInExistingTable
ECDbMappingTestFixture.PropertiesWithoutColumnsInExistingTable

#TFS353210 will adress this (Raman)
JsonUpdaterTests.CommonGeometryJsonSerialization

#TFS 368922
ECDbMappingTestFixture.RelationshipWithAbstractConstraintClassAndNoSubclasses

#TFS 383266
JsonReaderTests.ReadInstanceAlongWithRelatedInstances

#TFS 467814
ECDbMappingTestFixture.AddDerivedClassOfConstraintOnNsideOf1NRelationship
ECDbMappingTestFixture.AddDerivedClassOfConstraintOn1sideOf1NRelationship
ECDbMappingTestFixture.AddDerivedClassOfConstraintsForNNRelationship

#TFS 485980
ECSchemaUpdateTests.UpdateECDbMapCA_AddMinimumSharedColumnsCount

#TFS 485979
ECSchemaUpdateTests.UpdateECDbMapCA_DbIndexChanges

#TFS 487068
ECSchemaUpdateTests.Add_Delete_ECProperty_SharedColumns

#TFS 485920
ECRelationshipInheritanceTestFixture.BasicCRUD

ECDbMappingTestFixture.UserDefinedIndexTest
    # DgnDb0601Dev, DEBUG, WinX64 (after merge)
    # [ RUN      ] ECDbMappingTestFixture.UserDefinedIndexTest
    # ...
    # F:\DgnDb0601Dev\src-staging\ECDb\Tests\Published\SchemaImportTestFixture.cpp(140): error:       Expected: expectedDdl.c_str()
    #       Which is: "CREATE UNIQUE INDEX [uix_interface_ts_Sub] ON [ts_Sub]([InterfaceProp])"
    # To be equal to: stmt.GetValueText(0)
    #       Which is: "CREATE UNIQUE INDEX [uix_interface_ts_Sub] ON [ts_Sub]([InterfaceProp]) WHERE ECClassId=58"
    # Ignoring case
    # [  FAILED  ] ECDbMappingTestFixture.UserDefinedIndexTest (8342 ms)

ECDbSymbolProviderTests.GetECClassId
    # DgnDb0601Dev, DEBUG, WinX64 (after merge)
    # [ RUN      ] ECDbSymbolProviderTests.GetECClassId
    # ...
    # F:\DgnDb0601Dev\src-staging\ECDb\Tests\Published\ECDbSymbolProviderTests.cpp(135): error:       Expected: Utf8PrintfString("%" "llu", testClass->GetId().GetValue()).c_str()
    #       Which is: "155"
    # To be equal to: value.GetUtf8CP()
    #       Which is: "Unknown"
    # [  FAILED  ] ECDbSymbolProviderTests.GetECClassId (535 ms)
