#----------------------------------------------------------------------------------------
#   Tests that are ignored on purpose
#----------------------------------------------------------------------------------------
ThreadSafetyTests.*     # Experimental tests for thread safety. Should not run with build.

#----------------------------------------------------------------------------------------
#   Tests that need attention
#----------------------------------------------------------------------------------------
#TFS 720060 Fails due to ECObjects supplementation bug
SchemaManagerTests.ImportMultipleSupplementalSchemas

JsonUpdaterTests.Options

    # TFS#901857
    # Stream:bim0200dev, build configuration :NDEBUG, architecture: androidarm64, Device: GooglePixcelC, Date: 06/06/2018
    # junit.framework.AssertionFailedError: expected:<0> but was:<1>
    # at com.bentley.unittest.ECDbPublished.JsonUpdaterTests.test_Options(JsonUpdaterTests.java:88)
    # at android.test.InstrumentationTestCase.runMethod(InstrumentationTestCase.java:220)
    # at android.test.InstrumentationTestCase.runTest(InstrumentationTestCase.java:205)
    # at android.test.ActivityInstrumentationTestCase2.runTest(ActivityInstrumentationTestCase2.java:192)
    # at android.test.AndroidTestRunner.runTest(AndroidTestRunner.java:198)
    # at android.test.AndroidTestRunner.runTest(AndroidTestRunner.java:183)
    # at com.bentley.unittest.BeAndroidTestRunner.runTest(BeAndroidTestRunner.java:63)
    # at android.test.InstrumentationTestRunner.onStart(InstrumentationTestRunner.java:560)
    # at android.app.Instrumentation$InstrumentationThread.run(Instrumentation.java:1932)

ECSqlStatementTestFixture.InsertWithMixParameters

    # VSTS#35169
    # Stream:bim0200dev, build configuration :NDEBUG, architecture: (x64), Device: Desktop, Date: 09/25/2018
    # 2017-12-09 13:34:27,810 ERROR [0x00000470] ECObjectsNative - Validation Error - KindOfQuantity 'ECSqlTest:Length' persistence FormatUnitSet has a problem: Unknown name of the unit
    # 2017-12-09 13:34:27,810 ERROR [0x00000470] ECObjectsNative - Validation Error - KindOfQuantity 'ECSqlTest:Volume' persistence FormatUnitSet has a problem: Unknown name of the unit
    # 2017-12-09 13:34:27,810 ERROR [0x00000470] ECObjectsNative - Schema validation failed for schema 'ECSqlTest.01.00.00'.  It is supposed to be EC Version 3.1 but it does not meet the rules for that EC version.  See log for details.
    # 2017-12-09 13:34:27,810 ERROR [0x00000470] ECObjectsNative - Failed to read XML file: c:\build\outA\mds06t_2017-12-09_12-33-49\out\Winx64\Product\ECDb-Gtest\Assets\Documents\ECDb\Schemas\ECSqlTest.01.00.ecschema.xml
    # c:\build\src\mds06t\ECDb\Tests\BackDoor\ECDbTestFixture.cpp(79): error: Value of: false
    # Actual: false
    # Expected: true
    # Importing schema ECSqlTest.01.00.ecschema.xml failed
    # c:\build\src\mds06t\ECDb\Tests\Published\ECSqlStatementTests.cpp(4432): error:       Expected: SUCCESS
    # To be equal to: SetupECDb("ecsqlstatementtests.ecdb", SchemaItem::CreateForFile("ECSqlTest.01.00.ecschema.xml"))
    # Which is: ERROR
